<?xml version="1.0" encoding="UTF-8"?>
<!-- Generated by org.testng.reporters.JUnitReportReporter -->
<testsuite hostname="KTPLHWR0029" failures="0" tests="1" name="Testcases.SpotlightMessages_Testcases" time="14.680" errors="0" timestamp="2023-06-26T19:30:23 IST" skipped="0">
  <testcase classname="Testcases.SpotlightMessages_Testcases" name="spotlight" time="14.680"/>
</testsuite> <!-- Testcases.SpotlightMessages_Testcases -->
